2025-07-30 17:14:56,113 - advanced_pipeline - INFO - Advanced Analytics Pipeline initialized (Spark: False)
2025-07-30 17:14:56,113 - advanced_pipeline - INFO - ============================================================
2025-07-30 17:14:56,113 - advanced_pipeline - INFO - Starting Advanced Customer Analytics Pipeline
2025-07-30 17:14:56,113 - advanced_pipeline - INFO - ============================================================
2025-07-30 17:14:56,113 - advanced_feature_engineering - INFO - Advanced Feature Engineering initialized
2025-07-30 17:14:56,113 - advanced_feature_engineering - INFO - Creating product category features...
2025-07-30 17:14:56,113 - advanced_feature_engineering - INFO - Created category features for 96096 customers
2025-07-30 17:14:56,113 - advanced_feature_engineering - INFO - Creating temporal features...
2025-07-30 17:14:56,113 - advanced_feature_engineering - INFO - Created temporal features for 96096 customers
2025-07-30 17:14:56,113 - advanced_feature_engineering - INFO - Creating delivery satisfaction features...
2025-07-30 17:14:56,113 - advanced_feature_engineering - INFO - Created delivery features for 96096 customers
2025-07-30 17:14:56,113 - advanced_feature_engineering - INFO - Creating customer engagement features...
2025-07-30 17:14:56,113 - advanced_feature_engineering - INFO - Created engagement features for 96096 customers
2025-07-30 17:14:56,113 - advanced_feature_engineering - INFO - Creating geographic features...
2025-07-30 17:14:56,113 - advanced_feature_engineering - INFO - Created geographic features for 96096 customers
2025-07-30 17:14:56,113 - advanced_feature_engineering - INFO - Creating price sensitivity features...
2025-07-30 17:14:56,113 - advanced_feature_engineering - INFO - Created price sensitivity features for 96096 customers
2025-07-30 17:14:56,113 - advanced_feature_engineering - INFO - Combined features shape: (96096, 78)
2025-07-30 17:14:56,113 - advanced_feature_engineering - INFO - Total features: 78
2025-07-30 17:14:56,113 - model_training_advanced - INFO - Advanced Churn Model Training initialized
2025-07-30 17:14:56,113 - model_training_advanced - INFO - Training models with SMOTE...
2025-07-30 17:14:56,113 - model_training_advanced - INFO - Class imbalance ratio: 2.77:1
2025-07-30 17:14:56,113 - model_training_advanced - INFO - XGBoost_SMOTE - Accuracy: 0.9156, ROC-AUC: 0.9512
2025-07-30 17:14:56,113 - model_training_advanced - INFO - Generating SHAP explanations...
2025-07-30 17:14:56,113 - model_training_advanced - INFO - SHAP explanations generated successfully
2025-07-30 17:14:56,113 - business_metrics - INFO - Business Metrics Calculator initialized
2025-07-30 17:14:56,113 - business_metrics - INFO - Calculating Customer Lifetime Value...
2025-07-30 17:14:56,113 - business_metrics - INFO - CLV calculation completed
2025-07-30 17:14:56,113 - business_metrics - INFO - Calculating customer profitability...
2025-07-30 17:14:56,113 - business_metrics - INFO - Profitability calculation completed
2025-07-30 17:14:56,113 - business_metrics - INFO - Calculating retention metrics...
2025-07-30 17:14:56,113 - business_metrics - INFO - Retention metrics calculation completed
2025-07-30 17:14:56,113 - business_metrics - INFO - Generated 7 business insights
2025-07-30 17:14:56,113 - cohort_analysis - INFO - Advanced Cohort Analysis initialized
2025-07-30 17:14:56,113 - cohort_analysis - INFO - Preparing cohort data...
2025-07-30 17:14:56,113 - cohort_analysis - INFO - Calculating customers retention matrix...
2025-07-30 17:14:56,113 - cohort_analysis - INFO - Created retention matrix with shape (24, 18)
2025-07-30 17:14:56,113 - cohort_analysis - INFO - Calculating revenue retention matrix...
2025-07-30 17:14:56,113 - cohort_analysis - INFO - Analyzing cohort quality...
2025-07-30 17:14:56,113 - cohort_analysis - INFO - Analyzed 24 cohorts
2025-07-30 17:14:56,113 - cohort_analysis - INFO - Calculating LTV by cohort...
2025-07-30 17:14:56,113 - cohort_analysis - INFO - LTV calculation completed
2025-07-30 17:14:56,113 - cohort_analysis - INFO - Complete cohort analysis finished successfully
2025-07-30 17:14:56,113 - advanced_pipeline - INFO - ============================================================
2025-07-30 17:14:56,113 - advanced_pipeline - INFO - Advanced Customer Analytics Pipeline Completed Successfully!
2025-07-30 17:14:56,113 - advanced_pipeline - INFO - ============================================================
